<?xml version="1.0" encoding="UTF-8"?>
<testsuite xmlns:xsi="http://www.w3.org/2001/XMLSchema-instance" xsi:noNamespaceSchemaLocation="https://maven.apache.org/surefire/maven-surefire-plugin/xsd/surefire-test-report.xsd" name="tcd.parse_to_index.DocumentParserTest" time="0.092" tests="3" errors="0" skipped="3" failures="0">
  <properties>
    <property name="java.specification.version" value="17"/>
    <property name="sun.cpu.isalist" value="amd64"/>
    <property name="sun.jnu.encoding" value="Cp1252"/>
    <property name="java.class.path" value="C:\Users\kevin\Git_Projects\info-retrieval-group\smells-like-lucene-it\target\test-classes;C:\Users\kevin\Git_Projects\info-retrieval-group\smells-like-lucene-it\target\classes;C:\Users\kevin\.m2\repository\org\apache\lucene\lucene-core\8.10.0\lucene-core-8.10.0.jar;C:\Users\kevin\.m2\repository\org\apache\lucene\lucene-queryparser\8.10.0\lucene-queryparser-8.10.0.jar;C:\Users\kevin\.m2\repository\org\apache\lucene\lucene-queries\8.10.0\lucene-queries-8.10.0.jar;C:\Users\kevin\.m2\repository\org\apache\lucene\lucene-sandbox\8.10.0\lucene-sandbox-8.10.0.jar;C:\Users\kevin\.m2\repository\org\apache\lucene\lucene-analyzers-common\8.10.0\lucene-analyzers-common-8.10.0.jar;C:\Users\kevin\.m2\repository\junit\junit\4.11\junit-4.11.jar;C:\Users\kevin\.m2\repository\org\hamcrest\hamcrest-core\1.3\hamcrest-core-1.3.jar;C:\Users\kevin\.m2\repository\commons-io\commons-io\2.11.0\commons-io-2.11.0.jar;C:\Users\kevin\.m2\repository\org\jsoup\jsoup\1.14.3\jsoup-1.14.3.jar;"/>
    <property name="java.vm.vendor" value="Oracle Corporation"/>
    <property name="sun.arch.data.model" value="64"/>
    <property name="user.variant" value=""/>
    <property name="java.vendor.url" value="https://java.oracle.com/"/>
    <property name="user.timezone" value="Europe/Dublin"/>
    <property name="os.name" value="Windows 10"/>
    <property name="java.vm.specification.version" value="17"/>
    <property name="sun.java.launcher" value="SUN_STANDARD"/>
    <property name="user.country" value="IE"/>
    <property name="sun.boot.library.path" value="C:\Program Files\Java\jdk-17\bin"/>
    <property name="sun.java.command" value="C:\Users\kevin\AppData\Local\Temp\surefire1871985136200153654\surefirebooter3594556700471555066.jar C:\Users\kevin\AppData\Local\Temp\surefire1871985136200153654 2021-11-13T11-22-10_167-jvmRun1 surefire1072022554440418019tmp surefire_01334159879021507941tmp"/>
    <property name="jdk.debug" value="release"/>
    <property name="surefire.test.class.path" value="C:\Users\kevin\Git_Projects\info-retrieval-group\smells-like-lucene-it\target\test-classes;C:\Users\kevin\Git_Projects\info-retrieval-group\smells-like-lucene-it\target\classes;C:\Users\kevin\.m2\repository\org\apache\lucene\lucene-core\8.10.0\lucene-core-8.10.0.jar;C:\Users\kevin\.m2\repository\org\apache\lucene\lucene-queryparser\8.10.0\lucene-queryparser-8.10.0.jar;C:\Users\kevin\.m2\repository\org\apache\lucene\lucene-queries\8.10.0\lucene-queries-8.10.0.jar;C:\Users\kevin\.m2\repository\org\apache\lucene\lucene-sandbox\8.10.0\lucene-sandbox-8.10.0.jar;C:\Users\kevin\.m2\repository\org\apache\lucene\lucene-analyzers-common\8.10.0\lucene-analyzers-common-8.10.0.jar;C:\Users\kevin\.m2\repository\junit\junit\4.11\junit-4.11.jar;C:\Users\kevin\.m2\repository\org\hamcrest\hamcrest-core\1.3\hamcrest-core-1.3.jar;C:\Users\kevin\.m2\repository\commons-io\commons-io\2.11.0\commons-io-2.11.0.jar;C:\Users\kevin\.m2\repository\org\jsoup\jsoup\1.14.3\jsoup-1.14.3.jar;"/>
    <property name="sun.cpu.endian" value="little"/>
    <property name="user.home" value="C:\Users\kevin"/>
    <property name="user.language" value="en"/>
    <property name="java.specification.vendor" value="Oracle Corporation"/>
    <property name="java.version.date" value="2021-09-14"/>
    <property name="java.home" value="C:\Program Files\Java\jdk-17"/>
    <property name="file.separator" value="\"/>
    <property name="basedir" value="C:\Users\kevin\Git_Projects\info-retrieval-group\smells-like-lucene-it"/>
    <property name="java.vm.compressedOopsMode" value="32-bit"/>
    <property name="line.separator" value="&#10;"/>
    <property name="java.vm.specification.vendor" value="Oracle Corporation"/>
    <property name="java.specification.name" value="Java Platform API Specification"/>
    <property name="surefire.real.class.path" value="C:\Users\kevin\AppData\Local\Temp\surefire1871985136200153654\surefirebooter3594556700471555066.jar"/>
    <property name="user.script" value=""/>
    <property name="sun.management.compiler" value="HotSpot 64-Bit Tiered Compilers"/>
    <property name="java.runtime.version" value="17+35-LTS-2724"/>
    <property name="user.name" value="kevin"/>
    <property name="path.separator" value=";"/>
    <property name="os.version" value="10.0"/>
    <property name="java.runtime.name" value="Java(TM) SE Runtime Environment"/>
    <property name="file.encoding" value="Cp1252"/>
    <property name="java.vm.name" value="Java HotSpot(TM) 64-Bit Server VM"/>
    <property name="localRepository" value="C:\Users\kevin\.m2\repository"/>
    <property name="java.vendor.url.bug" value="https://bugreport.java.com/bugreport/"/>
    <property name="java.io.tmpdir" value="C:\Users\kevin\AppData\Local\Temp\"/>
    <property name="java.version" value="17"/>
    <property name="user.dir" value="C:\Users\kevin\Git_Projects\info-retrieval-group\smells-like-lucene-it"/>
    <property name="os.arch" value="amd64"/>
    <property name="java.vm.specification.name" value="Java Virtual Machine Specification"/>
    <property name="sun.os.patch.level" value=""/>
    <property name="native.encoding" value="Cp1252"/>
    <property name="java.library.path" value="C:\Program Files\Java\jdk-17\bin;C:\WINDOWS\Sun\Java\bin;C:\WINDOWS\system32;C:\WINDOWS;C:/Users/kevin/.p2/pool/plugins/org.eclipse.justj.openjdk.hotspot.jre.full.win32.x86_64_16.0.2.v20210721-1149/jre/bin/server;C:/Users/kevin/.p2/pool/plugins/org.eclipse.justj.openjdk.hotspot.jre.full.win32.x86_64_16.0.2.v20210721-1149/jre/bin;C:\Program Files (x86)\Intel\iCLS Client\;C:\Program Files\Intel\iCLS Client\;C:\WINDOWS\system32;C:\WINDOWS;C:\WINDOWS\System32\Wbem;C:\WINDOWS\System32\WindowsPowerShell\v1.0\;C:\Program Files (x86)\Intel\Intel(R) Management Engine Components\DAL;C:\Program Files\Intel\Intel(R) Management Engine Components\DAL;C:\Program Files (x86)\Intel\Intel(R) Management Engine Components\IPT;C:\Program Files\Intel\Intel(R) Management Engine Components\IPT;C:\Program Files\Calibre2\;C:\WINDOWS\System32\OpenSSH\;C:\Program Files\Intel\WiFi\bin\;C:\Program Files\Common Files\Intel\WirelessCommon\;C:\Users\kevin\Documents\Masters\Information &amp; Web Retreval\apache-maven-3.8.3\bin\;C:\Program Files\Java\jdk-17\bin;C:\Program Files\Git\cmd;C:\Users\kevin\AppData\Local\Programs\Python\Python39\Scripts\;C:\Users\kevin\AppData\Local\Programs\Python\Python39\;C:\Users\kevin\AppData\Local\Programs\Python\Python310\Scripts\;C:\Users\kevin\AppData\Local\Programs\Python\Python310\;C:\Users\kevin\AppData\Local\Programs\Python\Python38-32\Scripts\;C:\Users\kevin\AppData\Local\Programs\Python\Python38-32\;C:\Users\kevin\AppData\Local\Microsoft\WindowsApps;C:\Program Files\Intel\WiFi\bin\;C:\Program Files\Common Files\Intel\WirelessCommon\;C:\Users\kevin\AppData\Local\Programs\MiKTeX\miktex\bin\x64\;C:\Program Files\JetBrains\PyCharm Community Edition 2021.2.2\bin;;C:\Users\kevin\AppData\Local\GitHubDesktop\bin;C:\WINDOWS\system32;;."/>
    <property name="java.vm.info" value="mixed mode, sharing"/>
    <property name="java.vendor" value="Oracle Corporation"/>
    <property name="java.vm.version" value="17+35-LTS-2724"/>
    <property name="sun.io.unicode.encoding" value="UnicodeLittle"/>
    <property name="java.class.version" value="61.0"/>
  </properties>
  <testcase name="federalRegister_fr940104_0_Test" classname="tcd.parse_to_index.DocumentParserTest" time="0">
    <skipped/>
  </testcase>
  <testcase name="financialTimes_ft911_1_FirstDocTest" classname="tcd.parse_to_index.DocumentParserTest" time="0">
    <skipped/>
  </testcase>
  <testcase name="financialTimes_ft943_7_FirstDocTest" classname="tcd.parse_to_index.DocumentParserTest" time="0">
    <skipped/>
  </testcase>
</testsuite>