<?xml version="1.0" encoding="UTF-8"?>
<testsuite xmlns:xsi="http://www.w3.org/2001/XMLSchema-instance" xsi:noNamespaceSchemaLocation="https://maven.apache.org/surefire/maven-surefire-plugin/xsd/surefire-test-report.xsd" name="tcd.parse_to_index.DocumentParserTest" time="1.234" tests="2" errors="0" skipped="0" failures="0">
  <properties>
    <property name="java.specification.version" value="15"/>
    <property name="sun.cpu.isalist" value="amd64"/>
    <property name="sun.jnu.encoding" value="Cp1252"/>
    <property name="java.class.path" value="D:\Trinity Unversity\TCD Year Five\info-retrieval-group\smells-like-lucene-it\target\test-classes;D:\Trinity Unversity\TCD Year Five\info-retrieval-group\smells-like-lucene-it\target\classes;C:\Users\david\.m2\repository\org\apache\lucene\lucene-core\8.10.0\lucene-core-8.10.0.jar;C:\Users\david\.m2\repository\org\apache\lucene\lucene-queryparser\8.10.0\lucene-queryparser-8.10.0.jar;C:\Users\david\.m2\repository\org\apache\lucene\lucene-queries\8.10.0\lucene-queries-8.10.0.jar;C:\Users\david\.m2\repository\org\apache\lucene\lucene-sandbox\8.10.0\lucene-sandbox-8.10.0.jar;C:\Users\david\.m2\repository\org\apache\lucene\lucene-analyzers-common\8.10.0\lucene-analyzers-common-8.10.0.jar;C:\Users\david\.m2\repository\junit\junit\4.11\junit-4.11.jar;C:\Users\david\.m2\repository\org\hamcrest\hamcrest-core\1.3\hamcrest-core-1.3.jar;C:\Users\david\.m2\repository\commons-io\commons-io\2.11.0\commons-io-2.11.0.jar;"/>
    <property name="java.vm.vendor" value="Oracle Corporation"/>
    <property name="sun.arch.data.model" value="64"/>
    <property name="user.variant" value=""/>
    <property name="java.vendor.url" value="https://java.oracle.com/"/>
    <property name="user.timezone" value="Europe/Dublin"/>
    <property name="os.name" value="Windows 10"/>
    <property name="java.vm.specification.version" value="15"/>
    <property name="sun.java.launcher" value="SUN_STANDARD"/>
    <property name="user.country" value="IE"/>
    <property name="sun.boot.library.path" value="D:\java\bin"/>
    <property name="sun.java.command" value="C:\Users\david\AppData\Local\Temp\surefire16465090806548477740\surefirebooter8142662263201153246.jar C:\Users\david\AppData\Local\Temp\surefire16465090806548477740 2021-10-25T17-52-17_007-jvmRun1 surefire4932191918081802885tmp surefire_0139563857326249500tmp"/>
    <property name="jdk.debug" value="release"/>
    <property name="surefire.test.class.path" value="D:\Trinity Unversity\TCD Year Five\info-retrieval-group\smells-like-lucene-it\target\test-classes;D:\Trinity Unversity\TCD Year Five\info-retrieval-group\smells-like-lucene-it\target\classes;C:\Users\david\.m2\repository\org\apache\lucene\lucene-core\8.10.0\lucene-core-8.10.0.jar;C:\Users\david\.m2\repository\org\apache\lucene\lucene-queryparser\8.10.0\lucene-queryparser-8.10.0.jar;C:\Users\david\.m2\repository\org\apache\lucene\lucene-queries\8.10.0\lucene-queries-8.10.0.jar;C:\Users\david\.m2\repository\org\apache\lucene\lucene-sandbox\8.10.0\lucene-sandbox-8.10.0.jar;C:\Users\david\.m2\repository\org\apache\lucene\lucene-analyzers-common\8.10.0\lucene-analyzers-common-8.10.0.jar;C:\Users\david\.m2\repository\junit\junit\4.11\junit-4.11.jar;C:\Users\david\.m2\repository\org\hamcrest\hamcrest-core\1.3\hamcrest-core-1.3.jar;C:\Users\david\.m2\repository\commons-io\commons-io\2.11.0\commons-io-2.11.0.jar;"/>
    <property name="sun.cpu.endian" value="little"/>
    <property name="user.home" value="C:\Users\david"/>
    <property name="user.language" value="en"/>
    <property name="java.specification.vendor" value="Oracle Corporation"/>
    <property name="java.version.date" value="2020-10-20"/>
    <property name="java.home" value="D:\java"/>
    <property name="file.separator" value="\"/>
    <property name="basedir" value="D:\Trinity Unversity\TCD Year Five\info-retrieval-group\smells-like-lucene-it"/>
    <property name="java.vm.compressedOopsMode" value="Zero based"/>
    <property name="line.separator" value="&#10;"/>
    <property name="java.vm.specification.vendor" value="Oracle Corporation"/>
    <property name="java.specification.name" value="Java Platform API Specification"/>
    <property name="surefire.real.class.path" value="C:\Users\david\AppData\Local\Temp\surefire16465090806548477740\surefirebooter8142662263201153246.jar"/>
    <property name="user.script" value=""/>
    <property name="sun.management.compiler" value="HotSpot 64-Bit Tiered Compilers"/>
    <property name="java.runtime.version" value="15.0.1+9-18"/>
    <property name="user.name" value="david"/>
    <property name="path.separator" value=";"/>
    <property name="os.version" value="10.0"/>
    <property name="java.runtime.name" value="Java(TM) SE Runtime Environment"/>
    <property name="file.encoding" value="Cp1252"/>
    <property name="java.vm.name" value="Java HotSpot(TM) 64-Bit Server VM"/>
    <property name="localRepository" value="C:\Users\david\.m2\repository"/>
    <property name="java.vendor.url.bug" value="https://bugreport.java.com/bugreport/"/>
    <property name="java.io.tmpdir" value="C:\Users\david\AppData\Local\Temp\"/>
    <property name="java.version" value="15.0.1"/>
    <property name="user.dir" value="D:\Trinity Unversity\TCD Year Five\info-retrieval-group\smells-like-lucene-it"/>
    <property name="os.arch" value="amd64"/>
    <property name="java.vm.specification.name" value="Java Virtual Machine Specification"/>
    <property name="sun.os.patch.level" value=""/>
    <property name="java.library.path" value="D:\java\bin;C:\WINDOWS\Sun\Java\bin;C:\WINDOWS\system32;C:\WINDOWS;E:\Oculus\Support\oculus-runtime;C:\Program Files\NVIDIA GPU Computing Toolkit\CUDA\v11.2\bin;C:\Program Files\NVIDIA GPU Computing Toolkit\CUDA\v11.2\lib64;C:\Program Files\Common Files\Oracle\Java\javapath;C:\Program Files (x86)\Razer Chroma SDK\bin;C:\Program Files\Razer Chroma SDK\bin;C:\Program Files (x86)\Intel\iCLS Client\;C:\Program Files\Intel\iCLS Client\;C:\Windows\system32;C:\Windows;C:\Windows\System32\Wbem;C:\Windows\System32\WindowsPowerShell\v1.0\;C:\Program Files (x86)\Intel\Intel(R) Management Engine Components\DAL;C:\Program Files\Intel\Intel(R) Management Engine Components\DAL;C:\Program Files (x86)\Intel\Intel(R) Management Engine Components\IPT;C:\Program Files\Intel\Intel(R) Management Engine Components\IPT;C:\Program Files (x86)\NVIDIA Corporation\PhysX\Common;C:\Windows\system32\config\systemprofile\AppData\Local\Microsoft\WindowsApps;C:\WINDOWS\system32;C:\WINDOWS;C:\WINDOWS\System32\Wbem;C:\WINDOWS\System32\WindowsPowerShell\v1.0\;C:\WINDOWS\System32\OpenSSH\;C:\Program Files\NVIDIA Corporation\NVIDIA NvDLISR;C:\Program Files\Git\cmd;D:\MIngw\bin;C:\Program Files (x86)\Calibre2\;C:\Program Files\PuTTY\;D:\Trinity Year Four\OpenCV\opencv\x64\vc14\bin;C:\Program Files (x86)\IncrediBuild;D:\nodejs\;C:\Program Files\Amazon\AWSCLIV2\;C:\Program Files\WindowsApps\PythonSoftwareFoundation.Python.3.8_3.8.1776.0_x64__qbz5n2kfra8p0;C:\Program Files\NVIDIA Corporation\Nsight Compute 2020.3.0\;C:\Program Files\NVIDIA GPU Computing Toolkit\CUDA\v11.2\include;C:\Users\david\AppData\Local\Programs\Python\Python39\Scripts\;C:\Users\david\AppData\Local\Programs\Python\Python39\;D:\java\bin;C:\Program Files\WindowsApps\PythonSoftwareFoundation.Python.3.8_3.8.1776.0_x64__qbz5n2kfra8p0;;D:\Users\david\AppData\Local\Programs\Microsoft VS Code\bin;."/>
    <property name="java.vm.info" value="mixed mode, sharing"/>
    <property name="java.vendor" value="Oracle Corporation"/>
    <property name="java.vm.version" value="15.0.1+9-18"/>
    <property name="sun.io.unicode.encoding" value="UnicodeLittle"/>
    <property name="java.class.version" value="59.0"/>
  </properties>
  <testcase name="financialTimes_ft911_1_FirstDocTest" classname="tcd.parse_to_index.DocumentParserTest" time="1.013"/>
  <testcase name="financialTimes_ft943_7_FirstDocTest" classname="tcd.parse_to_index.DocumentParserTest" time="0.19"/>
</testsuite>